Creating light curve model for inference
Creating light curve model for inference
Creating light curve model for inference
Creating light curve model for inference
Creating light curve model for inference
Creating light curve model for inference
Creating light curve model for inference
Creating light curve model for inference
Creating light curve model for inference
Creating light curve model for inference
Creating light curve model for inference
Creating light curve model for inference
Creating light curve model for inference
Creating light curve model for inference
Creating light curve model for inference
Creating light curve model for inference
Creating light curve model for inference
Creating light curve model for inference
Creating light curve model for inference
Creating light curve model for inference
Creating light curve model for inference
Creating light curve model for inference
Creating light curve model for inference
Creating light curve model for inference
Creating light curve model for inference
Creating light curve model for inference
Creating light curve model for inference
Creating light curve model for inference
Creating light curve model for inference
Creating light curve model for inference
Creating light curve model for inference
Creating light curve model for inference
Running with filters ['uvot__v', 'uvot__b', 'uvot__u', 'uvot__uvw1', 'uvot__uvm2', 'uvot__uvw2', 'uvot__white', 'ps1__g', 'ps1__r', 'bessellr', 'ps1__i', 'besselli', 'ps1__z', '2massh', '2massj', '2massks', 'X-ray-1keV', 'radio-6GHz']
Running with combination of multiple light curve models
Running with filters ['uvot__v', 'uvot__b', 'uvot__u', 'uvot__uvw1', 'uvot__uvm2', 'uvot__uvw2', 'uvot__white', 'ps1__g', 'ps1__r', 'bessellr', 'ps1__i', 'besselli', 'ps1__z', '2massh', '2massj', '2massks', 'X-ray-1keV', 'radio-6GHz']
Running with combination of multiple light curve models
Running with filters ['uvot__v', 'uvot__b', 'uvot__u', 'uvot__uvw1', 'uvot__uvm2', 'uvot__uvw2', 'uvot__white', 'ps1__g', 'ps1__r', 'bessellr', 'ps1__i', 'besselli', 'ps1__z', '2massh', '2massj', '2massks', 'X-ray-1keV', 'radio-6GHz']
Running with combination of multiple light curve models
Running with filters ['uvot__v', 'uvot__b', 'uvot__u', 'uvot__uvw1', 'uvot__uvm2', 'uvot__uvw2', 'uvot__white', 'ps1__g', 'ps1__r', 'bessellr', 'ps1__i', 'besselli', 'ps1__z', '2massh', '2massj', '2massks', 'X-ray-1keV', 'radio-6GHz']
Running with combination of multiple light curve models
Running with filters ['uvot__v', 'uvot__b', 'uvot__u', 'uvot__uvw1', 'uvot__uvm2', 'uvot__uvw2', 'uvot__white', 'ps1__g', 'ps1__r', 'bessellr', 'ps1__i', 'besselli', 'ps1__z', '2massh', '2massj', '2massks', 'X-ray-1keV', 'radio-6GHz']
Running with combination of multiple light curve models
Running with filters ['uvot__v', 'uvot__b', 'uvot__u', 'uvot__uvw1', 'uvot__uvm2', 'uvot__uvw2', 'uvot__white', 'ps1__g', 'ps1__r', 'bessellr', 'ps1__i', 'besselli', 'ps1__z', '2massh', '2massj', '2massks', 'X-ray-1keV', 'radio-6GHz']
Running with combination of multiple light curve models
Running with filters ['uvot__v', 'uvot__b', 'uvot__u', 'uvot__uvw1', 'uvot__uvm2', 'uvot__uvw2', 'uvot__white', 'ps1__g', 'ps1__r', 'bessellr', 'ps1__i', 'besselli', 'ps1__z', '2massh', '2massj', '2massks', 'X-ray-1keV', 'radio-6GHz']
Running with combination of multiple light curve models
Running with filters ['uvot__v', 'uvot__b', 'uvot__u', 'uvot__uvw1', 'uvot__uvm2', 'uvot__uvw2', 'uvot__white', 'ps1__g', 'ps1__r', 'bessellr', 'ps1__i', 'besselli', 'ps1__z', '2massh', '2massj', '2massks', 'X-ray-1keV', 'radio-6GHz']
Running with combination of multiple light curve models
Running with filters ['uvot__v', 'uvot__b', 'uvot__u', 'uvot__uvw1', 'uvot__uvm2', 'uvot__uvw2', 'uvot__white', 'ps1__g', 'ps1__r', 'bessellr', 'ps1__i', 'besselli', 'ps1__z', '2massh', '2massj', '2massks', 'X-ray-1keV', 'radio-6GHz']
Running with combination of multiple light curve models
Running with filters ['uvot__v', 'uvot__b', 'uvot__u', 'uvot__uvw1', 'uvot__uvm2', 'uvot__uvw2', 'uvot__white', 'ps1__g', 'ps1__r', 'bessellr', 'ps1__i', 'besselli', 'ps1__z', '2massh', '2massj', '2massks', 'X-ray-1keV', 'radio-6GHz']
Running with combination of multiple light curve models
Running with filters ['uvot__v', 'uvot__b', 'uvot__u', 'uvot__uvw1', 'uvot__uvm2', 'uvot__uvw2', 'uvot__white', 'ps1__g', 'ps1__r', 'bessellr', 'ps1__i', 'besselli', 'ps1__z', '2massh', '2massj', '2massks', 'X-ray-1keV', 'radio-6GHz']
Running with combination of multiple light curve models
Running with filters ['uvot__v', 'uvot__b', 'uvot__u', 'uvot__uvw1', 'uvot__uvm2', 'uvot__uvw2', 'uvot__white', 'ps1__g', 'ps1__r', 'bessellr', 'ps1__i', 'besselli', 'ps1__z', '2massh', '2massj', '2massks', 'X-ray-1keV', 'radio-6GHz']
Running with combination of multiple light curve models
Running with filters ['uvot__v', 'uvot__b', 'uvot__u', 'uvot__uvw1', 'uvot__uvm2', 'uvot__uvw2', 'uvot__white', 'ps1__g', 'ps1__r', 'bessellr', 'ps1__i', 'besselli', 'ps1__z', '2massh', '2massj', '2massks', 'X-ray-1keV', 'radio-6GHz']
Running with combination of multiple light curve models
Running with filters ['uvot__v', 'uvot__b', 'uvot__u', 'uvot__uvw1', 'uvot__uvm2', 'uvot__uvw2', 'uvot__white', 'ps1__g', 'ps1__r', 'bessellr', 'ps1__i', 'besselli', 'ps1__z', '2massh', '2massj', '2massks', 'X-ray-1keV', 'radio-6GHz']
Running with combination of multiple light curve models
Running with filters ['uvot__v', 'uvot__b', 'uvot__u', 'uvot__uvw1', 'uvot__uvm2', 'uvot__uvw2', 'uvot__white', 'ps1__g', 'ps1__r', 'bessellr', 'ps1__i', 'besselli', 'ps1__z', '2massh', '2massj', '2massks', 'X-ray-1keV', 'radio-6GHz']
Running with combination of multiple light curve models
Running with filters ['uvot__v', 'uvot__b', 'uvot__u', 'uvot__uvw1', 'uvot__uvm2', 'uvot__uvw2', 'uvot__white', 'ps1__g', 'ps1__r', 'bessellr', 'ps1__i', 'besselli', 'ps1__z', '2massh', '2massj', '2massks', 'X-ray-1keV', 'radio-6GHz']
Running with combination of multiple light curve models
Running with filters ['uvot__v', 'uvot__b', 'uvot__u', 'uvot__uvw1', 'uvot__uvm2', 'uvot__uvw2', 'uvot__white', 'ps1__g', 'ps1__r', 'bessellr', 'ps1__i', 'besselli', 'ps1__z', '2massh', '2massj', '2massks', 'X-ray-1keV', 'radio-6GHz']
Running with combination of multiple light curve models
Running with filters ['uvot__v', 'uvot__b', 'uvot__u', 'uvot__uvw1', 'uvot__uvm2', 'uvot__uvw2', 'uvot__white', 'ps1__g', 'ps1__r', 'bessellr', 'ps1__i', 'besselli', 'ps1__z', '2massh', '2massj', '2massks', 'X-ray-1keV', 'radio-6GHz']
Running with combination of multiple light curve models
Running with filters ['uvot__v', 'uvot__b', 'uvot__u', 'uvot__uvw1', 'uvot__uvm2', 'uvot__uvw2', 'uvot__white', 'ps1__g', 'ps1__r', 'bessellr', 'ps1__i', 'besselli', 'ps1__z', '2massh', '2massj', '2massks', 'X-ray-1keV', 'radio-6GHz']
Running with combination of multiple light curve models
Running with filters ['uvot__v', 'uvot__b', 'uvot__u', 'uvot__uvw1', 'uvot__uvm2', 'uvot__uvw2', 'uvot__white', 'ps1__g', 'ps1__r', 'bessellr', 'ps1__i', 'besselli', 'ps1__z', '2massh', '2massj', '2massks', 'X-ray-1keV', 'radio-6GHz']
Running with combination of multiple light curve models
Running with filters ['uvot__v', 'uvot__b', 'uvot__u', 'uvot__uvw1', 'uvot__uvm2', 'uvot__uvw2', 'uvot__white', 'ps1__g', 'ps1__r', 'bessellr', 'ps1__i', 'besselli', 'ps1__z', '2massh', '2massj', '2massks', 'X-ray-1keV', 'radio-6GHz']
Running with combination of multiple light curve models
Running with filters ['uvot__v', 'uvot__b', 'uvot__u', 'uvot__uvw1', 'uvot__uvm2', 'uvot__uvw2', 'uvot__white', 'ps1__g', 'ps1__r', 'bessellr', 'ps1__i', 'besselli', 'ps1__z', '2massh', '2massj', '2massks', 'X-ray-1keV', 'radio-6GHz']
Running with combination of multiple light curve models
Running with filters ['uvot__v', 'uvot__b', 'uvot__u', 'uvot__uvw1', 'uvot__uvm2', 'uvot__uvw2', 'uvot__white', 'ps1__g', 'ps1__r', 'bessellr', 'ps1__i', 'besselli', 'ps1__z', '2massh', '2massj', '2massks', 'X-ray-1keV', 'radio-6GHz']
Running with combination of multiple light curve models
Running with filters ['uvot__v', 'uvot__b', 'uvot__u', 'uvot__uvw1', 'uvot__uvm2', 'uvot__uvw2', 'uvot__white', 'ps1__g', 'ps1__r', 'bessellr', 'ps1__i', 'besselli', 'ps1__z', '2massh', '2massj', '2massks', 'X-ray-1keV', 'radio-6GHz']
Running with combination of multiple light curve models
Running with filters ['uvot__v', 'uvot__b', 'uvot__u', 'uvot__uvw1', 'uvot__uvm2', 'uvot__uvw2', 'uvot__white', 'ps1__g', 'ps1__r', 'bessellr', 'ps1__i', 'besselli', 'ps1__z', '2massh', '2massj', '2massks', 'X-ray-1keV', 'radio-6GHz']
Running with combination of multiple light curve models
Running with filters ['uvot__v', 'uvot__b', 'uvot__u', 'uvot__uvw1', 'uvot__uvm2', 'uvot__uvw2', 'uvot__white', 'ps1__g', 'ps1__r', 'bessellr', 'ps1__i', 'besselli', 'ps1__z', '2massh', '2massj', '2massks', 'X-ray-1keV', 'radio-6GHz']
Running with combination of multiple light curve models
Running with filters ['uvot__v', 'uvot__b', 'uvot__u', 'uvot__uvw1', 'uvot__uvm2', 'uvot__uvw2', 'uvot__white', 'ps1__g', 'ps1__r', 'bessellr', 'ps1__i', 'besselli', 'ps1__z', '2massh', '2massj', '2massks', 'X-ray-1keV', 'radio-6GHz']
Running with combination of multiple light curve models
Running with filters ['uvot__v', 'uvot__b', 'uvot__u', 'uvot__uvw1', 'uvot__uvm2', 'uvot__uvw2', 'uvot__white', 'ps1__g', 'ps1__r', 'bessellr', 'ps1__i', 'besselli', 'ps1__z', '2massh', '2massj', '2massks', 'X-ray-1keV', 'radio-6GHz']
Running with combination of multiple light curve models
Running with filters ['uvot__v', 'uvot__b', 'uvot__u', 'uvot__uvw1', 'uvot__uvm2', 'uvot__uvw2', 'uvot__white', 'ps1__g', 'ps1__r', 'bessellr', 'ps1__i', 'besselli', 'ps1__z', '2massh', '2massj', '2massks', 'X-ray-1keV', 'radio-6GHz']
Running with combination of multiple light curve models
Running with filters ['uvot__v', 'uvot__b', 'uvot__u', 'uvot__uvw1', 'uvot__uvm2', 'uvot__uvw2', 'uvot__white', 'ps1__g', 'ps1__r', 'bessellr', 'ps1__i', 'besselli', 'ps1__z', '2massh', '2massj', '2massks', 'X-ray-1keV', 'radio-6GHz']
Running with combination of multiple light curve models
Running with filters ['uvot__v', 'uvot__b', 'uvot__u', 'uvot__uvw1', 'uvot__uvm2', 'uvot__uvw2', 'uvot__white', 'ps1__g', 'ps1__r', 'bessellr', 'ps1__i', 'besselli', 'ps1__z', '2massh', '2massj', '2massks', 'X-ray-1keV', 'radio-6GHz']
Running with combination of multiple light curve models
Running with filters ['uvot__v', 'uvot__b', 'uvot__u', 'uvot__uvw1', 'uvot__uvm2', 'uvot__uvw2', 'uvot__white', 'ps1__g', 'ps1__r', 'bessellr', 'ps1__i', 'besselli', 'ps1__z', '2massh', '2massj', '2massks', 'X-ray-1keV', 'radio-6GHz']
Running with combination of multiple light curve models
Could not retrieve latest DOI, models won't be downloaded or updated. Will try using existing list or local files available.
Could not retrieve latest DOI, models won't be downloaded or updated. Will try using existing list or local files available.
Could not retrieve latest DOI, models won't be downloaded or updated. Will try using existing list or local files available.
Could not retrieve latest DOI, models won't be downloaded or updated. Will try using existing list or local files available.
Loaded filter uvot__v
Loaded filter uvot__v
Loaded filter uvot__v
Loaded filter uvot__v
Loaded filter uvot__b
Loaded filter uvot__b
Loaded filter uvot__b
Loaded filter uvot__b
Loaded filter uvot__v
Loaded filter uvot__v
Loaded filter uvot__b
Loaded filter uvot__b
Loaded filter uvot__v
Loaded filter uvot__v
Loaded filter uvot__u
Loaded filter uvot__u
Loaded filter uvot__u
Loaded filter uvot__u
Loaded filter uvot__u
Loaded filter uvot__u
Loaded filter uvot__b
Loaded filter uvot__b
Loaded filter uvot__u
Loaded filter uvot__u
Loaded filter uvot__v
Loaded filter uvot__uvw1
Loaded filter uvot__uvw1
Loaded filter uvot__uvw1
Loaded filter uvot__uvw1
Loaded filter uvot__uvw1
Loaded filter uvot__uvw1
Loaded filter uvot__uvw1
Loaded filter uvot__uvw1
Loaded filter uvot__b
Loaded filter uvot__u
Loaded filter uvot__uvw1
Loaded filter uvot__v
Loaded filter uvot__v
Loaded filter uvot__b
Loaded filter uvot__b
Loaded filter uvot__u
Loaded filter uvot__v
Loaded filter uvot__u
Loaded filter uvot__v
Loaded filter uvot__uvw1
Loaded filter uvot__uvw1
Loaded filter uvot__uvm2
Loaded filter uvot__uvm2
Loaded filter uvot__uvm2
Loaded filter uvot__uvm2
Loaded filter uvot__uvm2
Loaded filter uvot__uvm2
Loaded filter uvot__uvm2
Loaded filter uvot__uvm2
Loaded filter uvot__uvm2
Loaded filter uvot__uvm2
Loaded filter uvot__v
Loaded filter uvot__b
Loaded filter uvot__uvm2
Loaded filter uvot__b
Loaded filter uvot__v
Loaded filter uvot__u
Loaded filter uvot__u
Loaded filter uvot__v
Loaded filter uvot__v
Loaded filter uvot__b
Loaded filter uvot__uvw1
Loaded filter uvot__uvw1
Loaded filter uvot__u
Loaded filter uvot__v
Loaded filter uvot__v
Loaded filter uvot__b
Loaded filter uvot__b
Loaded filter uvot__v
Loaded filter uvot__v
Loaded filter uvot__v
Loaded filter uvot__v
Loaded filter uvot__b
Loaded filter uvot__uvm2
Loaded filter uvot__v
Loaded filter uvot__uvm2
Loaded filter uvot__uvw1
Loaded filter uvot__u
Loaded filter uvot__u
Loaded filter uvot__v
Loaded filter uvot__u
Loaded filter uvot__uvw1
Loaded filter uvot__uvm2
Loaded filter uvot__v
Loaded filter uvot__b
Loaded filter uvot__v
Loaded filter uvot__b
Loaded filter uvot__b
Loaded filter uvot__v
Loaded filter uvot__b
Loaded filter uvot__uvw2
Loaded filter uvot__uvw2
Loaded filter uvot__uvw2
Loaded filter uvot__uvw2
Loaded filter uvot__uvw2
Loaded filter uvot__uvw2
Loaded filter uvot__uvw2
Loaded filter uvot__uvw2
Loaded filter uvot__uvw2
Loaded filter uvot__uvw2
Loaded filter uvot__uvw2
Loaded filter uvot__uvw2
Loaded filter uvot__uvw2
Loaded filter uvot__b
Loaded filter uvot__uvw1
Loaded filter uvot__b
Loaded filter uvot__uvm2
Loaded filter uvot__b
Loaded filter uvot__uvw1
Loaded filter uvot__uvw2
Loaded filter uvot__u
Loaded filter uvot__u
Loaded filter uvot__u
Loaded filter uvot__v
Loaded filter uvot__b
Loaded filter uvot__b
Loaded filter uvot__v
Loaded filter uvot__u
Loaded filter uvot__u
Loaded filter uvot__uvw2
Loaded filter uvot__uvm2
Loaded filter uvot__b
Loaded filter uvot__u
Loaded filter uvot__u
Loaded filter uvot__v
Loaded filter uvot__b
Loaded filter uvot__uvm2
Loaded filter uvot__uvw1
Loaded filter uvot__uvw1
Loaded filter uvot__u
Loaded filter uvot__v
Loaded filter uvot__uvw1
Loaded filter uvot__u
Loaded filter uvot__b
Loaded filter uvot__uvw1
Loaded filter uvot__uvw2
Loaded filter uvot__uvw1
Loaded filter uvot__u
Loaded filter uvot__uvw1
Loaded filter uvot__uvw1
Loaded filter uvot__b
Loaded filter uvot__uvw1
Loaded filter uvot__u
Loaded filter uvot__uvm2
Loaded filter uvot__uvm2
Loaded filter uvot__uvm2
Loaded filter uvot__uvw2
Loaded filter uvot__b
Loaded filter uvot__u
Loaded filter uvot__uvw1
Loaded filter uvot__uvm2
Loaded filter uvot__uvm2
Loaded filter uvot__b
Loaded filter uvot__uvw1
Loaded filter uvot__uvm2
Loaded filter uvot__u
Loaded filter uvot__uvm2
Loaded filter uvot__uvm2
Loaded filter uvot__white
Loaded filter uvot__white
Loaded filter uvot__white
Loaded filter uvot__white
Loaded filter uvot__white
Loaded filter uvot__white
Loaded filter uvot__white
Loaded filter uvot__white
Loaded filter uvot__white
Loaded filter uvot__white
Loaded filter uvot__white
Loaded filter uvot__uvw1
Loaded filter uvot__white
Loaded filter uvot__white
Loaded filter uvot__white
Loaded filter uvot__white
Loaded filter uvot__white
Loaded filter uvot__uvw2
Loaded filter uvot__uvw2
Loaded filter uvot__white
Loaded filter uvot__uvw2
Loaded filter uvot__u
Loaded filter uvot__uvw1
Loaded filter uvot__uvm2
Loaded filter uvot__uvw2
Loaded filter uvot__uvw2
Loaded filter uvot__u
Loaded filter uvot__uvm2
Loaded filter uvot__uvw2
Loaded filter uvot__uvw1
Loaded filter uvot__uvw2
Loaded filter uvot__uvm2
Loaded filter uvot__white
Loaded filter uvot__white
Loaded filter uvot__white
Loaded filter uvot__uvw2
Loaded filter uvot__uvw2
Loaded filter uvot__white
Loaded filter uvot__uvm2
Loaded filter uvot__white
Loaded filter uvot__uvw1
Loaded filter uvot__uvm2
Loaded filter uvot__uvw1
Loaded filter uvot__uvw2
Loaded filter uvot__white
Loaded filter uvot__uvw2
Loaded filter uvot__white
Loaded filter uvot__white
Loaded filter uvot__uvw2
Loaded filter uvot__white
Loaded filter uvot__white
Loaded filter uvot__uvw2
Loaded filter uvot__white
Loaded filter uvot__uvm2
Loaded filter uvot__uvm2
Loaded filter uvot__white
Loaded filter uvot__white
Loaded filter uvot__uvw2
Loaded filter uvot__uvw2
Loaded filter ps1__g
Loaded filter ps1__g
Loaded filter ps1__g
Loaded filter ps1__g
Loaded filter ps1__g
Loaded filter ps1__g
Loaded filter ps1__g
Loaded filter ps1__g
Loaded filter ps1__g
Loaded filter ps1__g
Loaded filter ps1__g
Loaded filter ps1__g
Loaded filter ps1__g
Loaded filter ps1__g
Loaded filter ps1__g
Loaded filter ps1__g
Loaded filter ps1__g
Loaded filter ps1__g
Loaded filter ps1__g
Loaded filter ps1__g
Loaded filter ps1__g
Loaded filter ps1__g
Loaded filter ps1__g
Loaded filter ps1__g
Loaded filter ps1__g
Loaded filter ps1__g
Loaded filter ps1__g
Loaded filter ps1__g
Loaded filter ps1__g
Loaded filter uvot__white
Loaded filter ps1__g
Loaded filter uvot__white
Loaded filter ps1__g
Loaded filter ps1__g
Loaded filter ps1__r
Loaded filter ps1__r
Loaded filter ps1__r
Loaded filter ps1__r
Loaded filter ps1__r
Loaded filter ps1__r
Loaded filter ps1__r
Loaded filter ps1__r
Loaded filter ps1__r
Loaded filter ps1__r
Loaded filter ps1__r
Loaded filter ps1__r
Loaded filter ps1__r
Loaded filter ps1__r
Loaded filter ps1__r
Loaded filter ps1__r
Loaded filter ps1__r
Loaded filter ps1__r
Loaded filter ps1__r
Loaded filter ps1__r
Loaded filter ps1__r
Loaded filter ps1__r
Loaded filter ps1__r
Loaded filter ps1__r
Loaded filter ps1__r
Loaded filter ps1__r
Loaded filter ps1__r
Loaded filter ps1__r
Loaded filter ps1__r
Loaded filter ps1__r
Loaded filter ps1__r
Loaded filter ps1__r
Loaded filter bessellr
Loaded filter bessellr
Loaded filter bessellr
Loaded filter bessellr
Loaded filter bessellr
Loaded filter bessellr
Loaded filter bessellr
Loaded filter bessellr
Loaded filter bessellr
Loaded filter bessellr
Loaded filter bessellr
Loaded filter bessellr
Loaded filter bessellr
Loaded filter bessellr
Loaded filter bessellr
Loaded filter bessellr
Loaded filter bessellr
Loaded filter bessellr
Loaded filter bessellr
Loaded filter bessellr
Loaded filter bessellr
Loaded filter bessellr
Loaded filter bessellr
Loaded filter bessellr
Loaded filter bessellr
Loaded filter bessellr
Loaded filter bessellr
Loaded filter bessellr
Loaded filter bessellr
Loaded filter bessellr
Loaded filter bessellr
Loaded filter bessellr
Loaded filter ps1__i
Loaded filter ps1__i
Loaded filter ps1__i
Loaded filter ps1__i
Loaded filter ps1__i
Loaded filter ps1__i
Loaded filter ps1__i
Loaded filter ps1__i
Loaded filter ps1__i
Loaded filter ps1__i
Loaded filter ps1__i
Loaded filter ps1__i
Loaded filter ps1__i
Loaded filter ps1__i
Loaded filter ps1__i
Loaded filter ps1__i
Loaded filter ps1__i
Loaded filter ps1__i
Loaded filter ps1__i
Loaded filter ps1__i
Loaded filter ps1__i
Loaded filter ps1__i
Loaded filter ps1__i
Loaded filter ps1__i
Loaded filter ps1__i
Loaded filter ps1__i
Loaded filter ps1__i
Loaded filter ps1__i
Loaded filter ps1__i
Loaded filter ps1__i
Loaded filter ps1__i
Loaded filter ps1__i
Loaded filter besselli
Loaded filter besselli
Loaded filter besselli
Loaded filter besselli
Loaded filter besselli
Loaded filter besselli
Loaded filter besselli
Loaded filter besselli
Loaded filter besselli
Loaded filter besselli
Loaded filter besselli
Loaded filter besselli
Loaded filter besselli
Loaded filter besselli
Loaded filter besselli
Loaded filter besselli
Loaded filter besselli
Loaded filter besselli
Loaded filter besselli
Loaded filter besselli
Loaded filter besselli
Loaded filter besselli
Loaded filter besselli
Loaded filter besselli
Loaded filter besselli
Loaded filter besselli
Loaded filter besselli
Loaded filter besselli
Loaded filter besselli
Loaded filter besselli
Loaded filter besselli
Loaded filter besselli
Loaded filter ps1__z
Loaded filter ps1__z
Loaded filter ps1__z
Loaded filter ps1__z
Loaded filter ps1__z
Loaded filter ps1__z
Loaded filter ps1__z
Loaded filter ps1__z
Loaded filter ps1__z
Loaded filter ps1__z
Loaded filter ps1__z
Loaded filter ps1__z
Loaded filter ps1__z
Loaded filter ps1__z
Loaded filter ps1__z
Loaded filter ps1__z
Loaded filter ps1__z
Loaded filter ps1__z
Loaded filter ps1__z
Loaded filter ps1__z
Loaded filter ps1__z
Loaded filter ps1__z
Loaded filter ps1__z
Loaded filter ps1__z
Loaded filter ps1__z
Loaded filter ps1__z
Loaded filter ps1__z
Loaded filter ps1__z
Loaded filter ps1__z
Loaded filter ps1__z
Loaded filter ps1__z
Loaded filter ps1__z
Loaded filter 2massh
Loaded filter 2massh
Loaded filter 2massh
Loaded filter 2massh
Loaded filter 2massh
Loaded filter 2massh
Loaded filter 2massh
Loaded filter 2massh
Loaded filter 2massh
Loaded filter 2massh
Loaded filter 2massh
Loaded filter 2massh
Loaded filter 2massh
Loaded filter 2massh
Loaded filter 2massh
Loaded filter 2massh
Loaded filter 2massh
Loaded filter 2massh
Loaded filter 2massh
Loaded filter 2massh
Loaded filter 2massh
Loaded filter 2massh
Loaded filter 2massh
Loaded filter 2massh
Loaded filter 2massh
Loaded filter 2massh
Loaded filter 2massh
Loaded filter 2massh
Loaded filter 2massh
Loaded filter 2massh
Loaded filter 2massh
Loaded filter 2massh
Loaded filter 2massj
Loaded filter 2massj
Loaded filter 2massj
Loaded filter 2massj
Loaded filter 2massj
Loaded filter 2massj
Loaded filter 2massj
Loaded filter 2massj
Loaded filter 2massj
Loaded filter 2massj
Loaded filter 2massj
Loaded filter 2massj
Loaded filter 2massj
Loaded filter 2massj
Loaded filter 2massj
Loaded filter 2massj
Loaded filter 2massj
Loaded filter 2massj
Loaded filter 2massj
Loaded filter 2massj
Loaded filter 2massj
Loaded filter 2massj
Loaded filter 2massj
Loaded filter 2massj
Loaded filter 2massj
Loaded filter 2massj
Loaded filter 2massj
Loaded filter 2massj
Loaded filter 2massj
Loaded filter 2massj
Loaded filter 2massj
Loaded filter 2massj
Loaded filter 2massks
Loaded filter 2massks
Loaded filter 2massks
Loaded filter 2massks
Loaded filter 2massks
Loaded filter 2massks
Loaded filter 2massks
Loaded filter 2massks
Loaded filter 2massks
Loaded filter 2massks
Loaded filter 2massks
Loaded filter 2massks
Loaded filter 2massks
Loaded filter 2massks
Loaded filter 2massks
Loaded filter 2massks
Loaded filter 2massks
Loaded filter 2massks
Loaded filter 2massks
Loaded filter 2massks
Loaded filter 2massks
Loaded filter 2massks
Loaded filter 2massks
Loaded filter 2massks
Loaded filter 2massks
Loaded filter 2massks
Loaded filter 2massks
Loaded filter 2massks
Loaded filter 2massks
Loaded filter 2massks
Loaded filter 2massks
Loaded filter 2massks
Could not find model file for filter X-ray-1keV
Could not find model file for filter X-ray-1keV
Could not find model file for filter X-ray-1keV
Could not find model file for filter X-ray-1keV
Could not find model file for filter X-ray-1keV
Could not find model file for filter X-ray-1keV
Could not find model file for filter X-ray-1keV
Could not find model file for filter X-ray-1keV
Could not find model file for filter X-ray-1keV
Could not find model file for filter X-ray-1keV
Could not find model file for filter X-ray-1keV
Could not find model file for filter X-ray-1keV
Could not find model file for filter X-ray-1keV
Could not find model file for filter X-ray-1keV
Could not find model file for filter X-ray-1keV
Could not find model file for filter X-ray-1keV
Could not find model file for filter X-ray-1keV
Could not find model file for filter X-ray-1keV
Could not find model file for filter X-ray-1keV
Could not find model file for filter X-ray-1keV
Could not find model file for filter radio-6GHz
Could not find model file for filter X-ray-1keV
Could not find model file for filter X-ray-1keV
Could not find model file for filter radio-6GHz
Could not find model file for filter X-ray-1keV
Could not find model file for filter radio-6GHz
Could not find model file for filter X-ray-1keV
Could not find model file for filter radio-6GHz
Could not find model file for filter X-ray-1keV
Could not find model file for filter X-ray-1keV
Could not find model file for filter X-ray-1keV
Could not find model file for filter radio-6GHz
Could not find model file for filter X-ray-1keV
Could not find model file for filter radio-6GHz
Could not find model file for filter X-ray-1keV
Could not find model file for filter radio-6GHz
Could not find model file for filter X-ray-1keV
Could not find model file for filter radio-6GHz
Could not find model file for filter X-ray-1keV
Could not find model file for filter X-ray-1keV
Could not find model file for filter radio-6GHz
Could not find model file for filter radio-6GHz
Could not find model file for filter radio-6GHz
Could not find model file for filter radio-6GHz
Could not find model file for filter radio-6GHz
Could not find model file for filter radio-6GHz
Could not find model file for filter radio-6GHz
Could not find model file for filter radio-6GHz
Could not find model file for filter radio-6GHz
Could not find model file for filter radio-6GHz
Could not find model file for filter radio-6GHz
Could not find model file for filter radio-6GHz
Could not find model file for filter radio-6GHz
Could not find model file for filter radio-6GHz
Could not find model file for filter radio-6GHz
Could not find model file for filter radio-6GHz
Could not find model file for filter radio-6GHz
Could not find model file for filter radio-6GHz
Could not find model file for filter radio-6GHz
Could not find model file for filter radio-6GHz
Could not find model file for filter radio-6GHz
Could not find model file for filter radio-6GHz
Could not find model file for filter radio-6GHz
Could not find model file for filter radio-6GHz
